viewpagerindicator/build/outputs/logs/manifest-merger-debug-report.txt
-- Merging decision tree log ---
manifest
ADDED from Elevator\viewpagerindicator\AndroidManifest.xml:3:1-7:12
INJECTED from Elevator\viewpagerindicator\AndroidManifest.xml:3:1-7:12
INJECTED from Elevator\viewpagerindicator\AndroidManifest.xml:3:1-7:12
INJECTED from Elevator\viewpagerindicator\AndroidManifest.xml:3:1-7:12
INJECTED from Elevator\viewpagerindicator\AndroidManifest.xml:3:1-7:12
INJECTED from Elevator\viewpagerindicator\AndroidManifest.xml:3:1-7:12
INJECTED from Elevator\viewpagerindicator\AndroidManifest.xml:3:1-7:12
	package
		ADDED from Elevator\viewpagerindicator\AndroidManifest.xml:4:5-37
		INJECTED from Elevator\viewpagerindicator\AndroidManifest.xml
		INJECTED from Elevator\viewpagerindicator\AndroidManifest.xml
	android:versionName
		ADDED from Elevator\viewpagerindicator\AndroidManifest.xml:6:5-32
		INJECTED from Elevator\viewpagerindicator\AndroidManifest.xml
		INJECTED from Elevator\viewpagerindicator\AndroidManifest.xml
	xmlns:android
		ADDED from Elevator\viewpagerindicator\AndroidManifest.xml:3:11-69
	android:versionCode
		ADDED from Elevator\viewpagerindicator\AndroidManifest.xml:5:5-29
		INJECTED from Elevator\viewpagerindicator\AndroidManifest.xml
		INJECTED from Elevator\viewpagerindicator\AndroidManifest.xml
uses-sdk
INJECTED from Elevator\viewpagerindicator\AndroidManifest.xml reason: use-sdk injection requested
INJECTED from Elevator\viewpagerindicator\AndroidManifest.xml
INJECTED from Elevator\viewpagerindicator\AndroidManifest.xml
INJECTED from Elevator\viewpagerindicator\AndroidManifest.xml
INJECTED from Elevator\viewpagerindicator\AndroidManifest.xml
	android:targetSdkVersion
		INJECTED from Elevator\viewpagerindicator\AndroidManifest.xml
		ADDED from Elevator\viewpagerindicator\AndroidManifest.xml
		INJECTED from Elevator\viewpagerindicator\AndroidManifest.xml
	android:minSdkVersion
		INJECTED from Elevator\viewpagerindicator\AndroidManifest.xml
		ADDED from Elevator\viewpagerindicator\AndroidManifest.xml
		INJECTED from Elevator\viewpagerindicator\AndroidManifest.xml